[debug] [2019-06-14T22:03:16.803Z] ----------------------------------------------------------------------
[debug] [2019-06-14T22:03:16.805Z] Command:       /usr/bin/node /usr/bin/firebase init
[debug] [2019-06-14T22:03:16.805Z] CLI Version:   7.0.0
[debug] [2019-06-14T22:03:16.805Z] Platform:      linux
[debug] [2019-06-14T22:03:16.805Z] Node Version:  v11.15.0
[debug] [2019-06-14T22:03:16.805Z] Time:          Fri Jun 14 2019 17:03:16 GMT-0500 (hora de verano central)
[debug] [2019-06-14T22:03:16.806Z] ----------------------------------------------------------------------
[debug] 
[debug] [2019-06-14T22:03:16.812Z] > command requires scopes: ["email","openid","https://www.googleapis.com/auth/cloudplatformprojects.readonly","https://www.googleapis.com/auth/firebase","https://www.googleapis.com/auth/cloud-platform"]
[debug] [2019-06-14T22:03:16.813Z] > authorizing via signed-in user
[info] 
     ######## #### ########  ######## ########     ###     ######  ########
     ##        ##  ##     ## ##       ##     ##  ##   ##  ##       ##
     ######    ##  ########  ######   ########  #########  ######  ######
     ##        ##  ##    ##  ##       ##     ## ##     ##       ## ##
     ##       #### ##     ## ######## ########  ##     ##  ######  ########

You're about to initialize a Firebase project in this directory:

  /home/gabo/development/web/unitrecce-com

[info] 
=== Project Setup
[info] 
[info] First, let's associate this project directory with a Firebase project.
[info] You can create multiple project aliases by running firebase use --add, 
[info] but for now we'll just set up a default project.
[info] 
[debug] [2019-06-14T22:03:48.597Z] > refreshing access token with scopes: ["email","https://www.googleapis.com/auth/cloud-platform","https://www.googleapis.com/auth/cloudplatformprojects.readonly","https://www.googleapis.com/auth/firebase","openid"]
[debug] [2019-06-14T22:03:48.597Z] >>> HTTP REQUEST POST https://www.googleapis.com/oauth2/v3/token  
 <request body omitted>
[debug] [2019-06-14T22:03:48.857Z] <<< HTTP RESPONSE 200
[debug] [2019-06-14T22:03:48.963Z] >>> HTTP REQUEST GET https://firebase.googleapis.com/v1beta1/projects?page_size=100  
 
[debug] [2019-06-14T22:03:49.585Z] <<< HTTP RESPONSE 200
[info] i  Using project fir-demo-49f5a (firebase-demo)
[info] 
=== Hosting Setup
[info] 
[info] Your public directory is the folder (relative to your project directory) that
[info] will contain Hosting assets to be uploaded with firebase deploy. If you
[info] have a build process for your assets, use your build's output directory.
[info] 
[info] ✔  Wrote public/404.html
[debug] [2019-06-14T22:05:41.126Z] >>> HTTP REQUEST GET https://www.gstatic.com/firebasejs/releases.json  
 
[debug] [2019-06-14T22:05:41.308Z] <<< HTTP RESPONSE 200
[info] i  Skipping write of public/index.html
